2026-01-16 14:35:08 [INFO]: Login attempt {"email":"superadmin@7company.com","ip":"::1"}
2026-01-16 14:35:10 [INFO]: Password verified {"adminId":"6969e14b5fe7fad530ccc4f4"}
2026-01-16 14:35:10 [DEBUG]: Login cookie issued {"adminId":"6969e14b5fe7fad530ccc4f4"}
2026-01-16 14:35:10 [INFO]: SuperAdmin login successful {"adminId":"6969e14b5fe7fad530ccc4f4"}
2026-01-16 14:35:10 [INFO]: POST /api/super-admin/login/superadmin 200 1701.498 ms - body={"email":"superadmin@7company.com","password":"Secure@123"} 
2026-01-16 14:35:53 [INFO]: Login attempt {"email":"superadmin@7company.com","ip":"::1"}
2026-01-16 14:35:53 [WARN]: Login failed - password mismatch {"adminId":"6969e14b5fe7fad530ccc4f4"}
2026-01-16 14:35:53 [ERROR]: Error: Invalid email or password
    at F:\development\backend\controllers\superAdmin.controller.js:151:11 {"path":"/api/super-admin/login/superadmin","method":"POST","user":null}
2026-01-16 14:35:53 [INFO]: POST /api/super-admin/login/superadmin 401 538.793 ms - body={"email":"superadmin@7company.com","password":"Secure@13"} 
2026-01-16 14:36:29 [INFO]: Login attempt {"email":"superadmin@company.com","ip":"::1"}
2026-01-16 14:36:31 [INFO]: Password verified {"adminId":"6968ff156a7f8fc7d7ba82e7"}
2026-01-16 14:36:31 [DEBUG]: Login cookie issued {"adminId":"6968ff156a7f8fc7d7ba82e7"}
2026-01-16 14:36:31 [INFO]: SuperAdmin login successful {"adminId":"6968ff156a7f8fc7d7ba82e7"}
2026-01-16 14:36:31 [INFO]: POST /api/super-admin/login/superadmin 200 1394.854 ms - body={"email":"superadmin@company.com","password":"Secure@123"} 
2026-01-16 14:36:52 [INFO]: Login attempt {"email":"superadmin@99company.com","ip":"::1"}
2026-01-16 14:36:52 [WARN]: Login failed - email not found {"email":"superadmin@99company.com"}
2026-01-16 14:36:52 [ERROR]: Error: Invalid email or password
    at F:\development\backend\controllers\superAdmin.controller.js:142:11
    at process.processTicksAndRejections (node:internal/process/task_queues:103:5) {"path":"/api/super-admin/login/superadmin","method":"POST","user":null}
2026-01-16 14:36:52 [INFO]: POST /api/super-admin/login/superadmin 401 39.656 ms - body={"email":"superadmin@99company.com","password":"Secure@123"} 
2026-01-16 14:37:32 [INFO]: Login attempt {"email":"superadmincompany","ip":"::1"}
2026-01-16 14:37:32 [WARN]: Login failed - email not found {"email":"superadmincompany"}
2026-01-16 14:37:32 [ERROR]: Error: Invalid email or password
    at F:\development\backend\controllers\superAdmin.controller.js:142:11
    at process.processTicksAndRejections (node:internal/process/task_queues:103:5) {"path":"/api/super-admin/login/superadmin","method":"POST","user":null}
2026-01-16 14:37:33 [INFO]: POST /api/super-admin/login/superadmin 401 643.460 ms - body={"email":"superadmincompany","password":"Secure@123"} 
2026-01-16 15:38:25 [INFO]: POST /api/super-admin/create/corporateID 404 11.770 ms - body={"name":"Infosys Limited","logo":"https://cdn.example.com/logos/infosys.png","description":"Global IT services and consulting company","contact":{"email":"admin@infosys.com","phone":"+91-9876543210","contactPerson":"HR Manager"},"address":{"line1":"Electronics City","line2":"Phase 1","city":"Bengaluru","state":"Karnataka","pincode":"560100","country":"India"},"subscription":{"plan":"enterprise","startDate":"2026-01-01","endDate":"2027-01-01","maxEmployees":5000,"maxVendors":50},"billing":{"billingCycle":"monthly","amount":250000,"currency":"INR","gstNumber":"29ABCDE1234F1Z5","billingEmail":"billing@infosys.com"}} 
2026-01-16 15:39:05 [INFO]: POST /api/super-admin/create/corporateID 404 14.051 ms - body={"name":"Infosys Limited","logo":"https://cdn.example.com/logos/infosys.png","description":"Global IT services and consulting company","contact":{"email":"admin@infosys.com","phone":"+91-9876543210","contactPerson":"HR Manager"},"address":{"line1":"Electronics City","line2":"Phase 1","city":"Bengaluru","state":"Karnataka","pincode":"560100","country":"India"},"subscription":{"plan":"enterprise","startDate":"2026-01-01","endDate":"2027-01-01","maxEmployees":5000,"maxVendors":50},"billing":{"billingCycle":"monthly","amount":250000,"currency":"INR","gstNumber":"29ABCDE1234F1Z5","billingEmail":"billing@infosys.com"}} 
2026-01-16 15:41:49 [INFO]: POST /api/super-admin/create/corporateID 404 1.680 ms - body={"name":"Acme Technologies","logo":"https://cdn.example.com/logos/acme.png","description":"Enterprise logistics & mobility platform","contact":{"email":"admin@acmetech.com","phone":"+91-9876543210","website":"https://acmetech.com"},"address":{"addressLine1":"No 12, Tech Park","addressLine2":"Whitefield","city":"Bengaluru","state":"Karnataka","country":"India","pincode":"560066"},"subscription":{"plan":"ENTERPRISE","startDate":"2026-01-01","endDate":"2027-01-01"},"billing":{"gstNumber":"29ABCDE1234F1Z5","billingEmail":"billing@acmetech.com","cycle":"MONTHLY"}} 
2026-01-16 15:45:13 [ERROR]: TypeError: next is not a function
    at model.Query.<anonymous> (F:\development\backend\models\corporate.Model.js:128:3)
    at Kareem.execPre (F:\development\backend\node_modules\kareem\index.js:63:39)
    at _executePreHooks (F:\development\backend\node_modules\mongoose\lib\query.js:4681:33)
    at model.Query.exec (F:\development\backend\node_modules\mongoose\lib\query.js:4630:11)
    at process.processTicksAndRejections (node:internal/process/task_queues:103:5)
    at async F:\development\backend\controllers\corporate.controller.js:41:29 {"path":"/api/super-admin/coporate/create/corporateID","method":"POST","user":null}
2026-01-16 15:45:14 [INFO]: POST /api/super-admin/coporate/create/corporateID 500 367.248 ms - body={"name":"Acme Technologies","logo":"https://cdn.example.com/logos/acme.png","description":"Enterprise logistics & mobility platform","contact":{"email":"admin@acmetech.com","phone":"+91-9876543210","website":"https://acmetech.com"},"address":{"addressLine1":"No 12, Tech Park","addressLine2":"Whitefield","city":"Bengaluru","state":"Karnataka","country":"India","pincode":"560066"},"subscription":{"plan":"ENTERPRISE","startDate":"2026-01-01","endDate":"2027-01-01"},"billing":{"gstNumber":"29ABCDE1234F1Z5","billingEmail":"billing@acmetech.com","cycle":"MONTHLY"}} 
2026-01-16 15:46:12 [ERROR]: TypeError: Cannot read properties of undefined (reading 'id')
    at F:\development\backend\controllers\corporate.controller.js:74:25
    at process.processTicksAndRejections (node:internal/process/task_queues:103:5) {"path":"/api/super-admin/coporate/create/corporateID","method":"POST","user":null}
2026-01-16 15:46:12 [INFO]: POST /api/super-admin/coporate/create/corporateID 500 138.938 ms - body={"name":"Acme Technologies","logo":"https://cdn.example.com/logos/acme.png","description":"Enterprise logistics & mobility platform","contact":{"email":"admin@acmetech.com","phone":"+91-9876543210","website":"https://acmetech.com"},"address":{"addressLine1":"No 12, Tech Park","addressLine2":"Whitefield","city":"Bengaluru","state":"Karnataka","country":"India","pincode":"560066"},"subscription":{"plan":"ENTERPRISE","startDate":"2026-01-01","endDate":"2027-01-01"},"billing":{"gstNumber":"29ABCDE1234F1Z5","billingEmail":"billing@acmetech.com","cycle":"MONTHLY"}} 
2026-01-16 15:47:20 [INFO]: Login attempt {"email":"superadmin@company.com","ip":"::1"}
2026-01-16 15:47:21 [INFO]: Password verified {"adminId":"6968ff156a7f8fc7d7ba82e7"}
2026-01-16 15:47:21 [DEBUG]: Login cookie issued {"adminId":"6968ff156a7f8fc7d7ba82e7"}
2026-01-16 15:47:21 [INFO]: SuperAdmin login successful {"adminId":"6968ff156a7f8fc7d7ba82e7"}
2026-01-16 15:47:21 [INFO]: POST /api/super-admin/login/superadmin 200 769.379 ms - body={"email":"superadmin@company.com","password":"Secure@123"} 
2026-01-16 15:47:28 [ERROR]: TypeError: Cannot read properties of undefined (reading 'id')
    at F:\development\backend\controllers\corporate.controller.js:74:25
    at process.processTicksAndRejections (node:internal/process/task_queues:103:5) {"path":"/api/super-admin/coporate/create/corporateID","method":"POST","user":null}
2026-01-16 15:47:28 [INFO]: POST /api/super-admin/coporate/create/corporateID 500 38.567 ms - body={"name":"Acme Technologies","logo":"https://cdn.example.com/logos/acme.png","description":"Enterprise logistics & mobility platform","contact":{"email":"admin@acmetech.com","phone":"+91-9876543210","website":"https://acmetech.com"},"address":{"addressLine1":"No 12, Tech Park","addressLine2":"Whitefield","city":"Bengaluru","state":"Karnataka","country":"India","pincode":"560066"},"subscription":{"plan":"ENTERPRISE","startDate":"2026-01-01","endDate":"2027-01-01"},"billing":{"gstNumber":"29ABCDE1234F1Z5","billingEmail":"billing@acmetech.com","cycle":"MONTHLY"}} 
2026-01-16 15:49:53 [ERROR]: Error: Not authenticated. Login required.
    at F:\development\backend\middlewares\auth.js:49:11
    at F:\development\backend\utils\asyncHandler.js:3:21
    at Layer.handleRequest (F:\development\backend\node_modules\router\lib\layer.js:152:17)
    at next (F:\development\backend\node_modules\router\lib\route.js:157:13)
    at Route.dispatch (F:\development\backend\node_modules\router\lib\route.js:117:3)
    at handle (F:\development\backend\node_modules\router\index.js:435:11)
    at Layer.handleRequest (F:\development\backend\node_modules\router\lib\layer.js:152:17)
    at F:\development\backend\node_modules\router\index.js:295:15
    at processParams (F:\development\backend\node_modules\router\index.js:582:12)
    at next (F:\development\backend\node_modules\router\index.js:291:5) {"path":"/api/super-admin/coporate/create/corporateID","method":"POST","user":null}
2026-01-16 15:49:53 [INFO]: POST /api/super-admin/coporate/create/corporateID 401 79.580 ms - body={"name":"Acme Technologies","logo":"https://cdn.example.com/logos/acme.png","description":"Enterprise logistics & mobility platform","contact":{"email":"admin@acmetech.com","phone":"+91-9876543210","website":"https://acmetech.com"},"address":{"addressLine1":"No 12, Tech Park","addressLine2":"Whitefield","city":"Bengaluru","state":"Karnataka","country":"India","pincode":"560066"},"subscription":{"plan":"ENTERPRISE","startDate":"2026-01-01","endDate":"2027-01-01"},"billing":{"gstNumber":"29ABCDE1234F1Z5","billingEmail":"billing@acmetech.com","cycle":"MONTHLY"}} 
2026-01-16 15:51:35 [INFO]: Login attempt {"email":"superadmin@company.com","ip":"::1"}
2026-01-16 15:51:36 [INFO]: Password verified {"adminId":"6968ff156a7f8fc7d7ba82e7"}
2026-01-16 15:51:36 [DEBUG]: Login cookie issued {"adminId":"6968ff156a7f8fc7d7ba82e7"}
2026-01-16 15:51:36 [INFO]: SuperAdmin login successful {"adminId":"6968ff156a7f8fc7d7ba82e7"}
2026-01-16 15:51:36 [INFO]: POST /api/super-admin/login/superadmin 200 844.323 ms - body={"email":"superadmin@company.com","password":"Secure@123"} 
2026-01-16 15:51:43 [ERROR]: TypeError: next is not a function
    at model.<anonymous> (F:\development\backend\models\corporate.Model.js:97:34)
    at Kareem.execPre (F:\development\backend\node_modules\kareem\index.js:63:39)
    at model._execDocumentPreHooks (F:\development\backend\node_modules\mongoose\lib\document.js:2951:29)
    at model.$__validate (F:\development\backend\node_modules\mongoose\lib\document.js:2968:28)
    at model.validate (F:\development\backend\node_modules\mongoose\lib\document.js:2672:16)
    at model.validateBeforeSave (F:\development\backend\node_modules\mongoose\lib\plugins\validateBeforeSave.js:34:18)
    at Kareem.execPre (F:\development\backend\node_modules\kareem\index.js:63:39)
    at model._execDocumentPreHooks (F:\development\backend\node_modules\mongoose\lib\document.js:2951:29)
    at model.$__save (F:\development\backend\node_modules\mongoose\lib\model.js:369:16)
    at model.save (F:\development\backend\node_modules\mongoose\lib\model.js:609:16) {"path":"/api/super-admin/coporate/create/corporateID","method":"POST","user":"6968ff156a7f8fc7d7ba82e7"}
2026-01-16 15:51:44 [INFO]: POST /api/super-admin/coporate/create/corporateID 500 95.451 ms - body={"name":"Acme Technologies","logo":"https://cdn.example.com/logos/acme.png","description":"Enterprise logistics & mobility platform","contact":{"email":"admin@acmetech.com","phone":"+91-9876543210","website":"https://acmetech.com"},"address":{"addressLine1":"No 12, Tech Park","addressLine2":"Whitefield","city":"Bengaluru","state":"Karnataka","country":"India","pincode":"560066"},"subscription":{"plan":"ENTERPRISE","startDate":"2026-01-01","endDate":"2027-01-01"},"billing":{"gstNumber":"29ABCDE1234F1Z5","billingEmail":"billing@acmetech.com","cycle":"MONTHLY"}} 
2026-01-16 15:54:19 [ERROR]: ValidationError: Corporate validation failed: registeredEmail: Path `registeredEmail` is required., companyName: Company name is required
    at Document.invalidate (F:\development\backend\node_modules\mongoose\lib\document.js:3379:32)
    at validatePath (F:\development\backend\node_modules\mongoose\lib\document.js:3154:13)
    at process.processTicksAndRejections (node:internal/process/task_queues:103:5)
    at async Promise.all (index 0)
    at async model.$__validate (F:\development\backend\node_modules\mongoose\lib\document.js:3095:3)
    at async model.validate (F:\development\backend\node_modules\mongoose\lib\document.js:2672:5)
    at async model.validateBeforeSave (F:\development\backend\node_modules\mongoose\lib\plugins\validateBeforeSave.js:34:7)
    at async Kareem.execPre (F:\development\backend\node_modules\kareem\index.js:65:24)
    at async model.$__save (F:\development\backend\node_modules\mongoose\lib\model.js:369:5)
    at async model.save (F:\development\backend\node_modules\mongoose\lib\model.js:609:5) {"path":"/api/super-admin/coporate/create/corporateID","method":"POST","user":"6968ff156a7f8fc7d7ba82e7"}
2026-01-16 15:54:19 [INFO]: POST /api/super-admin/coporate/create/corporateID 500 437.407 ms - body={"name":"Acme Technologies","logo":"https://cdn.example.com/logos/acme.png","description":"Enterprise logistics & mobility platform","contact":{"email":"admin@acmetech.com","phone":"+91-9876543210","website":"https://acmetech.com"},"address":{"addressLine1":"No 12, Tech Park","addressLine2":"Whitefield","city":"Bengaluru","state":"Karnataka","country":"India","pincode":"560066"},"subscription":{"plan":"ENTERPRISE","startDate":"2026-01-01","endDate":"2027-01-01"},"billing":{"gstNumber":"29ABCDE1234F1Z5","billingEmail":"billing@acmetech.com","cycle":"MONTHLY"}} 
2026-01-16 16:16:25 [ERROR]: ReferenceError: contact is not defined
    at F:\development\backend\controllers\corporate.controller.js:36:3
    at F:\development\backend\utils\asyncHandler.js:3:21
    at Layer.handleRequest (F:\development\backend\node_modules\router\lib\layer.js:152:17)
    at next (F:\development\backend\node_modules\router\lib\route.js:157:13)
    at F:\development\backend\middlewares\auth.js:78:3
    at process.processTicksAndRejections (node:internal/process/task_queues:103:5) {"path":"/api/super-admin/coporate/create/corporateID","method":"POST","user":"6968ff156a7f8fc7d7ba82e7"}
2026-01-16 16:16:25 [INFO]: POST /api/super-admin/coporate/create/corporateID 500 103.611 ms - body={"companyName":"Acme Technologies Pvt Ltd","logo":{"url":"https://cdn.acme.com/logos/acme-logo.png"},"registeredEmail":"admin@acme.com","registeredPhone":"9876543210","address":{"line1":"No 45, 2nd Floor, MG Road","city":"Bengaluru","state":"Karnataka","pincode":"560001"},"subscription":{"plan":"PRO","startDate":"2026-01-01T00:00:00.000Z","endDate":"2027-01-01T00:00:00.000Z","limits":{"users":50,"vendors":20,"tripsPerMonth":5000}},"billing":{"gstNumber":"29ABCDE1234F1Z5","billingEmail":"billing@acme.com","paymentProvider":"RAZORPAY"}} 
2026-01-16 16:38:51 [ERROR]: ReferenceError: contact is not defined
    at F:\development\backend\controllers\corporate.controller.js:36:3
    at F:\development\backend\utils\asyncHandler.js:3:21
    at Layer.handleRequest (F:\development\backend\node_modules\router\lib\layer.js:152:17)
    at next (F:\development\backend\node_modules\router\lib\route.js:157:13)
    at F:\development\backend\middlewares\auth.js:78:3
    at process.processTicksAndRejections (node:internal/process/task_queues:103:5) {"path":"/api/super-admin/coporate/create/corporateID","method":"POST","user":"6968ff156a7f8fc7d7ba82e7"}
2026-01-16 16:38:52 [INFO]: POST /api/super-admin/coporate/create/corporateID 500 190.372 ms - body={"companyName":"Acme Technologies Pvt Ltd","logo":{"url":"https://cdn.acme.com/logos/acme-logo.png"},"contact":{"registeredEmail":"admin@acme.com","registeredPhone":"9876543210"},"address":{"line1":"No 45, 2nd Floor, MG Road","city":"Bengaluru","state":"Karnataka","pincode":"560001"},"subscription":{"plan":"PRO","startDate":"2026-01-01T00:00:00.000Z","endDate":"2027-01-01T00:00:00.000Z","limits":{"users":50,"vendors":20,"tripsPerMonth":5000}},"billing":{"gstNumber":"29ABCDE1234F1Z5","billingEmail":"billing@acme.com","paymentProvider":"RAZORPAY"}} 
2026-01-16 16:39:33 [ERROR]: TypeError: next is not a function
    at model.Query.<anonymous> (F:\development\backend\models\corporate.Model.js:193:3)
    at Kareem.execPre (F:\development\backend\node_modules\kareem\index.js:63:39)
    at _executePreHooks (F:\development\backend\node_modules\mongoose\lib\query.js:4681:33)
    at model.Query.exec (F:\development\backend\node_modules\mongoose\lib\query.js:4630:11)
    at process.processTicksAndRejections (node:internal/process/task_queues:103:5)
    at async F:\development\backend\controllers\corporate.controller.js:40:29 {"path":"/api/super-admin/coporate/create/corporateID","method":"POST","user":"6968ff156a7f8fc7d7ba82e7"}
2026-01-16 16:39:33 [INFO]: POST /api/super-admin/coporate/create/corporateID 500 315.889 ms - body={"companyName":"Acme Technologies Pvt Ltd","logo":{"url":"https://cdn.acme.com/logos/acme-logo.png"},"contact":{"registeredEmail":"admin@acme.com","registeredPhone":"9876543210"},"address":{"line1":"No 45, 2nd Floor, MG Road","city":"Bengaluru","state":"Karnataka","pincode":"560001"},"subscription":{"plan":"PRO","startDate":"2026-01-01T00:00:00.000Z","endDate":"2027-01-01T00:00:00.000Z","limits":{"users":50,"vendors":20,"tripsPerMonth":5000}},"billing":{"gstNumber":"29ABCDE1234F1Z5","billingEmail":"billing@acme.com","paymentProvider":"RAZORPAY"}} 
2026-01-16 16:40:10 [ERROR]: ReferenceError: description is not defined
    at F:\development\backend\controllers\corporate.controller.js:68:5
    at process.processTicksAndRejections (node:internal/process/task_queues:103:5) {"path":"/api/super-admin/coporate/create/corporateID","method":"POST","user":"6968ff156a7f8fc7d7ba82e7"}
2026-01-16 16:40:11 [INFO]: POST /api/super-admin/coporate/create/corporateID 500 415.632 ms - body={"companyName":"Acme Technologies Pvt Ltd","logo":{"url":"https://cdn.acme.com/logos/acme-logo.png"},"contact":{"registeredEmail":"admin@acme.com","registeredPhone":"9876543210"},"address":{"line1":"No 45, 2nd Floor, MG Road","city":"Bengaluru","state":"Karnataka","pincode":"560001"},"subscription":{"plan":"PRO","startDate":"2026-01-01T00:00:00.000Z","endDate":"2027-01-01T00:00:00.000Z","limits":{"users":50,"vendors":20,"tripsPerMonth":5000}},"billing":{"gstNumber":"29ABCDE1234F1Z5","billingEmail":"billing@acme.com","paymentProvider":"RAZORPAY"}} 
2026-01-16 16:41:43 [ERROR]: ValidationError: Corporate validation failed: companyName: Company name is required
    at Document.invalidate (F:\development\backend\node_modules\mongoose\lib\document.js:3379:32)
    at validatePath (F:\development\backend\node_modules\mongoose\lib\document.js:3154:13)
    at process.processTicksAndRejections (node:internal/process/task_queues:103:5)
    at async Promise.all (index 1)
    at async model.$__validate (F:\development\backend\node_modules\mongoose\lib\document.js:3095:3)
    at async model.validate (F:\development\backend\node_modules\mongoose\lib\document.js:2672:5)
    at async model.validateBeforeSave (F:\development\backend\node_modules\mongoose\lib\plugins\validateBeforeSave.js:34:7)
    at async Kareem.execPre (F:\development\backend\node_modules\kareem\index.js:65:24)
    at async model.$__save (F:\development\backend\node_modules\mongoose\lib\model.js:369:5)
    at async model.save (F:\development\backend\node_modules\mongoose\lib\model.js:609:5) {"path":"/api/super-admin/coporate/create/corporateID","method":"POST","user":"6968ff156a7f8fc7d7ba82e7"}
2026-01-16 16:41:44 [INFO]: POST /api/super-admin/coporate/create/corporateID 500 405.570 ms - body={"companyName":"Acme Technologies Pvt Ltd","logo":{"url":"https://cdn.acme.com/logos/acme-logo.png"},"contact":{"registeredEmail":"admin@acme.com","registeredPhone":"9876543210"},"address":{"line1":"No 45, 2nd Floor, MG Road","city":"Bengaluru","state":"Karnataka","pincode":"560001"},"subscription":{"plan":"PRO","startDate":"2026-01-01T00:00:00.000Z","endDate":"2027-01-01T00:00:00.000Z","limits":{"users":50,"vendors":20,"tripsPerMonth":5000}},"billing":{"gstNumber":"29ABCDE1234F1Z5","billingEmail":"billing@acme.com","paymentProvider":"RAZORPAY"}} 
2026-01-16 16:42:00 [ERROR]: Error: Corporate name is required
    at F:\development\backend\controllers\corporate.controller.js:24:11
    at F:\development\backend\utils\asyncHandler.js:3:21
    at Layer.handleRequest (F:\development\backend\node_modules\router\lib\layer.js:152:17)
    at next (F:\development\backend\node_modules\router\lib\route.js:157:13)
    at F:\development\backend\middlewares\auth.js:78:3
    at process.processTicksAndRejections (node:internal/process/task_queues:103:5) {"path":"/api/super-admin/coporate/create/corporateID","method":"POST","user":"6968ff156a7f8fc7d7ba82e7"}
2026-01-16 16:42:00 [INFO]: POST /api/super-admin/coporate/create/corporateID 400 90.580 ms - body={"companyname":"Acme Technologies Pvt Ltd","logo":{"url":"https://cdn.acme.com/logos/acme-logo.png"},"contact":{"registeredEmail":"admin@acme.com","registeredPhone":"9876543210"},"address":{"line1":"No 45, 2nd Floor, MG Road","city":"Bengaluru","state":"Karnataka","pincode":"560001"},"subscription":{"plan":"PRO","startDate":"2026-01-01T00:00:00.000Z","endDate":"2027-01-01T00:00:00.000Z","limits":{"users":50,"vendors":20,"tripsPerMonth":5000}},"billing":{"gstNumber":"29ABCDE1234F1Z5","billingEmail":"billing@acme.com","paymentProvider":"RAZORPAY"}} 
2026-01-16 16:42:41 [ERROR]: ReferenceError: companyName is not defined
    at F:\development\backend\controllers\corporate.controller.js:23:3
    at F:\development\backend\utils\asyncHandler.js:3:21
    at Layer.handleRequest (F:\development\backend\node_modules\router\lib\layer.js:152:17)
    at next (F:\development\backend\node_modules\router\lib\route.js:157:13)
    at F:\development\backend\middlewares\auth.js:78:3
    at process.processTicksAndRejections (node:internal/process/task_queues:103:5) {"path":"/api/super-admin/coporate/create/corporateID","method":"POST","user":"6968ff156a7f8fc7d7ba82e7"}
2026-01-16 16:42:41 [INFO]: POST /api/super-admin/coporate/create/corporateID 500 287.176 ms - body={"companyname":"Acme Technologies Pvt Ltd","logo":{"url":"https://cdn.acme.com/logos/acme-logo.png"},"contact":{"registeredEmail":"admin@acme.com","registeredPhone":"9876543210"},"address":{"line1":"No 45, 2nd Floor, MG Road","city":"Bengaluru","state":"Karnataka","pincode":"560001"},"subscription":{"plan":"PRO","startDate":"2026-01-01T00:00:00.000Z","endDate":"2027-01-01T00:00:00.000Z","limits":{"users":50,"vendors":20,"tripsPerMonth":5000}},"billing":{"gstNumber":"29ABCDE1234F1Z5","billingEmail":"billing@acme.com","paymentProvider":"RAZORPAY"}} 
2026-01-16 16:43:19 [ERROR]: ReferenceError: companyName is not defined
    at F:\development\backend\controllers\corporate.controller.js:27:23
    at F:\development\backend\utils\asyncHandler.js:3:21
    at Layer.handleRequest (F:\development\backend\node_modules\router\lib\layer.js:152:17)
    at next (F:\development\backend\node_modules\router\lib\route.js:157:13)
    at F:\development\backend\middlewares\auth.js:78:3
    at process.processTicksAndRejections (node:internal/process/task_queues:103:5) {"path":"/api/super-admin/coporate/create/corporateID","method":"POST","user":"6968ff156a7f8fc7d7ba82e7"}
2026-01-16 16:43:19 [INFO]: POST /api/super-admin/coporate/create/corporateID 500 153.550 ms - body={"companyname":"Acme Technologies Pvt Ltd","logo":{"url":"https://cdn.acme.com/logos/acme-logo.png"},"contact":{"registeredEmail":"admin@acme.com","registeredPhone":"9876543210"},"address":{"line1":"No 45, 2nd Floor, MG Road","city":"Bengaluru","state":"Karnataka","pincode":"560001"},"subscription":{"plan":"PRO","startDate":"2026-01-01T00:00:00.000Z","endDate":"2027-01-01T00:00:00.000Z","limits":{"users":50,"vendors":20,"tripsPerMonth":5000}},"billing":{"gstNumber":"29ABCDE1234F1Z5","billingEmail":"billing@acme.com","paymentProvider":"RAZORPAY"}} 
2026-01-16 16:43:47 [ERROR]: ValidationError: Corporate validation failed: companyName: Company name is required
    at Document.invalidate (F:\development\backend\node_modules\mongoose\lib\document.js:3379:32)
    at validatePath (F:\development\backend\node_modules\mongoose\lib\document.js:3154:13)
    at process.processTicksAndRejections (node:internal/process/task_queues:103:5)
    at async Promise.all (index 1)
    at async model.$__validate (F:\development\backend\node_modules\mongoose\lib\document.js:3095:3)
    at async model.validate (F:\development\backend\node_modules\mongoose\lib\document.js:2672:5)
    at async model.validateBeforeSave (F:\development\backend\node_modules\mongoose\lib\plugins\validateBeforeSave.js:34:7)
    at async Kareem.execPre (F:\development\backend\node_modules\kareem\index.js:65:24)
    at async model.$__save (F:\development\backend\node_modules\mongoose\lib\model.js:369:5)
    at async model.save (F:\development\backend\node_modules\mongoose\lib\model.js:609:5) {"path":"/api/super-admin/coporate/create/corporateID","method":"POST","user":"6968ff156a7f8fc7d7ba82e7"}
2026-01-16 16:43:47 [INFO]: POST /api/super-admin/coporate/create/corporateID 500 289.886 ms - body={"companyname":"Acme Technologies Pvt Ltd","logo":{"url":"https://cdn.acme.com/logos/acme-logo.png"},"contact":{"registeredEmail":"admin@acme.com","registeredPhone":"9876543210"},"address":{"line1":"No 45, 2nd Floor, MG Road","city":"Bengaluru","state":"Karnataka","pincode":"560001"},"subscription":{"plan":"PRO","startDate":"2026-01-01T00:00:00.000Z","endDate":"2027-01-01T00:00:00.000Z","limits":{"users":50,"vendors":20,"tripsPerMonth":5000}},"billing":{"gstNumber":"29ABCDE1234F1Z5","billingEmail":"billing@acme.com","paymentProvider":"RAZORPAY"}} 
2026-01-16 16:45:17 [INFO]: POST /api/super-admin/coporate/create/corporateID 201 162.460 ms - body={"companyname":"Acme Technologies Pvt Ltd","logo":{"url":"https://cdn.acme.com/logos/acme-logo.png"},"contact":{"registeredEmail":"admin@acme.com","registeredPhone":"9876543210"},"address":{"line1":"No 45, 2nd Floor, MG Road","city":"Bengaluru","state":"Karnataka","pincode":"560001"},"subscription":{"plan":"PRO","startDate":"2026-01-01T00:00:00.000Z","endDate":"2027-01-01T00:00:00.000Z","limits":{"users":50,"vendors":20,"tripsPerMonth":5000}},"billing":{"gstNumber":"29ABCDE1234F1Z5","billingEmail":"billing@acme.com","paymentProvider":"RAZORPAY"}} 
2026-01-16 16:47:55 [ERROR]: Error: Not authenticated. Login required.
    at F:\development\backend\middlewares\auth.js:49:11
    at F:\development\backend\utils\asyncHandler.js:3:21
    at Layer.handleRequest (F:\development\backend\node_modules\router\lib\layer.js:152:17)
    at next (F:\development\backend\node_modules\router\lib\route.js:157:13)
    at Route.dispatch (F:\development\backend\node_modules\router\lib\route.js:117:3)
    at handle (F:\development\backend\node_modules\router\index.js:435:11)
    at Layer.handleRequest (F:\development\backend\node_modules\router\lib\layer.js:152:17)
    at F:\development\backend\node_modules\router\index.js:295:15
    at processParams (F:\development\backend\node_modules\router\index.js:582:12)
    at next (F:\development\backend\node_modules\router\index.js:291:5) {"path":"/api/super-admin/coporate/create/corporateID","method":"POST","user":null}
2026-01-16 16:47:55 [INFO]: POST /api/super-admin/coporate/create/corporateID 401 270.539 ms - body={"companyname":"Acme Technologies Pvt Ltd","logo":{"url":"https://cdn.acme.com/logos/acme-logo.png"},"contact":{"registeredEmail":"admin@acme.com","registeredPhone":"9876543210"},"address":{"line1":"No 45, 2nd Floor, MG Road","city":"Bengaluru","state":"Karnataka","pincode":"560001"},"subscription":{"plan":"PRO","startDate":"2026-01-01T00:00:00.000Z","endDate":"2027-01-01T00:00:00.000Z","limits":{"users":50,"vendors":20,"tripsPerMonth":5000}},"billing":{"gstNumber":"29ABCDE1234F1Z5","billingEmail":"billing@acme.com","paymentProvider":"RAZORPAY"}} 
2026-01-16 16:48:19 [INFO]: Login attempt {"email":"superadmin@1company.com","ip":"::1"}
2026-01-16 16:48:21 [INFO]: Password verified {"adminId":"6968ff466a7f8fc7d7ba82ea"}
2026-01-16 16:48:21 [DEBUG]: Login cookie issued {"adminId":"6968ff466a7f8fc7d7ba82ea"}
2026-01-16 16:48:22 [INFO]: SuperAdmin login successful {"adminId":"6968ff466a7f8fc7d7ba82ea"}
2026-01-16 16:48:22 [INFO]: POST /api/super-admin/login/superadmin 200 2591.067 ms - body={"email":"superadmin@1company.com","password":"Secure@123"} 
2026-01-16 16:48:29 [ERROR]: Error: Access denied. SUPER_ADMIN only.
    at F:\development\backend\middlewares\auth.js:65:11
    at process.processTicksAndRejections (node:internal/process/task_queues:103:5) {"path":"/api/super-admin/coporate/create/corporateID","method":"POST","user":null}
2026-01-16 16:48:29 [INFO]: POST /api/super-admin/coporate/create/corporateID 403 164.454 ms - body={"companyname":"Acme Technologies Pvt Ltd","logo":{"url":"https://cdn.acme.com/logos/acme-logo.png"},"contact":{"registeredEmail":"admin@acme.com","registeredPhone":"9876543210"},"address":{"line1":"No 45, 2nd Floor, MG Road","city":"Bengaluru","state":"Karnataka","pincode":"560001"},"subscription":{"plan":"PRO","startDate":"2026-01-01T00:00:00.000Z","endDate":"2027-01-01T00:00:00.000Z","limits":{"users":50,"vendors":20,"tripsPerMonth":5000}},"billing":{"gstNumber":"29ABCDE1234F1Z5","billingEmail":"billing@acme.com","paymentProvider":"RAZORPAY"}} 
2026-01-16 17:02:44 [ERROR]: Error: Access denied. SUPER_ADMIN only.
    at F:\development\backend\middlewares\auth.js:65:11
    at process.processTicksAndRejections (node:internal/process/task_queues:103:5) {"path":"/api/super-admin/coporate/create/corporateID","method":"POST","user":null}
2026-01-16 17:02:44 [INFO]: POST /api/super-admin/coporate/create/corporateID 403 89.124 ms - body={"companyname":"Acme Technologies Pvt Ltd","logo":{"url":"https://cdn.acme.com/logos/acme-logo.png"},"contact":{"registeredEmail":"admin@acme.com","registeredPhone":"9876543210"},"address":{"line1":"No 45, 2nd Floor, MG Road","city":"Bengaluru","state":"Karnataka","pincode":"560001"},"subscription":{"plan":"PRO","startDate":"2026-01-01T00:00:00.000Z","endDate":"2027-01-01T00:00:00.000Z","limits":{"users":50,"vendors":20,"tripsPerMonth":5000}},"billing":{"gstNumber":"29ABCDE1234F1Z5","billingEmail":"billing@acme.com","paymentProvider":"RAZORPAY"}} 
2026-01-16 17:04:53 [INFO]: Login attempt {"email":"superadmin@company.com","ip":"::1"}
2026-01-16 17:04:54 [INFO]: Password verified {"adminId":"6968ff156a7f8fc7d7ba82e7"}
2026-01-16 17:04:54 [DEBUG]: Login cookie issued {"adminId":"6968ff156a7f8fc7d7ba82e7"}
2026-01-16 17:04:54 [INFO]: SuperAdmin login successful {"adminId":"6968ff156a7f8fc7d7ba82e7"}
2026-01-16 17:04:54 [INFO]: POST /api/super-admin/login/superadmin 200 725.210 ms - body={"email":"superadmin@company.com","password":"Secure@123"} 
2026-01-16 17:05:02 [INFO]: Create Corporate request received {"requestedBy":"6968ff156a7f8fc7d7ba82e7","ip":"::1"}
2026-01-16 17:05:02 [DEBUG]: Checking for existing corporate {"name":"Acme Technologies Pvt Ltd"}
2026-01-16 17:05:02 [DEBUG]: Corporate code generated {"corporateCode":"CORP-ACMETE-1DE28C"}
2026-01-16 17:05:02 [INFO]: Corporate created successfully {"corporateId":"696a6fbe8b7f9717c6d6068a","corporateCode":"CORP-ACMETE-1DE28C","createdBy":"6968ff156a7f8fc7d7ba82e7"}
2026-01-16 17:05:02 [INFO]: POST /api/super-admin/coporate/create/corporateID 201 138.566 ms - body={"companyname":"Acme Technologies Pvt Ltd","logo":{"url":"https://cdn.acme.com/logos/acme-logo.png"},"contact":{"registeredEmail":"admin@acme.com","registeredPhone":"9876543210"},"address":{"line1":"No 45, 2nd Floor, MG Road","city":"Bengaluru","state":"Karnataka","pincode":"560001"},"subscription":{"plan":"PRO","startDate":"2026-01-01T00:00:00.000Z","endDate":"2027-01-01T00:00:00.000Z","limits":{"users":50,"vendors":20,"tripsPerMonth":5000}},"billing":{"gstNumber":"29ABCDE1234F1Z5","billingEmail":"billing@acme.com","paymentProvider":"RAZORPAY"}} 
2026-01-16 17:05:19 [INFO]: Create Corporate request received {"requestedBy":"6968ff156a7f8fc7d7ba82e7","ip":"::1"}
2026-01-16 17:05:19 [DEBUG]: Checking for existing corporate {"name":"Acme Technologies Pvt Ltd"}
2026-01-16 17:05:19 [DEBUG]: Corporate code generated {"corporateCode":"CORP-ACMETE-40C2DB"}
2026-01-16 17:05:19 [INFO]: Corporate created successfully {"corporateId":"696a6fcf8b7f9717c6d6068e","corporateCode":"CORP-ACMETE-40C2DB","createdBy":"6968ff156a7f8fc7d7ba82e7"}
2026-01-16 17:05:19 [INFO]: POST /api/super-admin/coporate/create/corporateID 201 41.722 ms - body={"companyname":"Acme Technologies Pvt Ltd","logo":{"url":"https://cdn.acme.com/logos/acme-logo.png"},"contact":{"registeredEmail":"admin@acme.com","registeredPhone":"9876543210"},"address":{"line1":"No 45, 2nd Floor, MG Road","city":"Bengaluru","state":"Karnataka","pincode":"560001"},"subscription":{"plan":"PRO","startDate":"2026-01-01T00:00:00.000Z","endDate":"2027-01-01T00:00:00.000Z","limits":{"users":50,"vendors":20,"tripsPerMonth":5000}},"billing":{"gstNumber":"29ABCDE1234F1Z5","billingEmail":"billing@acme.com","paymentProvider":"RAZORPAY"}} 
2026-01-16 17:07:12 [INFO]: Create Corporate request received {"requestedBy":"6968ff156a7f8fc7d7ba82e7","ip":"::1"}
2026-01-16 17:07:12 [DEBUG]: Checking for existing corporate {"name":"App innovations Pvt Ltd"}
2026-01-16 17:07:12 [DEBUG]: Corporate code generated {"corporateCode":"CORP-APPINN-C7B62D"}
2026-01-16 17:07:12 [INFO]: Corporate created successfully {"corporateId":"696a704082769658c6057eed","corporateCode":"CORP-APPINN-C7B62D","createdBy":"6968ff156a7f8fc7d7ba82e7"}
2026-01-16 17:07:12 [INFO]: POST /api/super-admin/coporate/create/corporateID 201 174.105 ms - body={"companyname":"App innovations Pvt Ltd","logo":{"url":"https://cdn.acme.com/logos/acme-logo.png"},"contact":{"registeredEmail":"admin@acme.com","registeredPhone":"9876543210"},"address":{"line1":"No 45, 2nd Floor, MG Road","city":"Bengaluru","state":"Karnataka","pincode":"560001"},"subscription":{"plan":"PRO","startDate":"2026-01-01T00:00:00.000Z","endDate":"2027-01-01T00:00:00.000Z","limits":{"users":50,"vendors":20,"tripsPerMonth":5000}},"billing":{"gstNumber":"29ABCDE1234F1Z5","billingEmail":"billing@acme.com","paymentProvider":"RAZORPAY"}} 
2026-01-17 05:14:01 [INFO]: Login attempt {"email":"superadmin@company.com","ip":"::1"}
2026-01-17 05:14:02 [INFO]: Password verified {"adminId":"6968ff156a7f8fc7d7ba82e7"}
2026-01-17 05:14:02 [DEBUG]: Login cookie issued {"adminId":"6968ff156a7f8fc7d7ba82e7"}
2026-01-17 05:14:02 [INFO]: SuperAdmin login successful {"adminId":"6968ff156a7f8fc7d7ba82e7"}
2026-01-17 05:14:02 [INFO]: POST /api/super-admin/login/superadmin 200 895.219 ms - body={"email":"superadmin@company.com","password":"Secure@123"} 
2026-01-17 05:16:09 [INFO]: Create Corporate request received {"requestedBy":"6968ff156a7f8fc7d7ba82e7","ip":"::1"}
2026-01-17 05:16:09 [DEBUG]: Checking for existing corporate {"name":"Acme Technologies Pvt Ltd"}
2026-01-17 05:16:09 [DEBUG]: Corporate code generated {"corporateCode":"CORP-ACMETE-B1D320"}
2026-01-17 05:16:09 [INFO]: Corporate created successfully {"corporateId":"696b1b19c2cbe7e50a0c2cd2","corporateCode":"CORP-ACMETE-B1D320","createdBy":"6968ff156a7f8fc7d7ba82e7"}
2026-01-17 05:16:09 [INFO]: POST /api/super-admin/coporate/create/corporateID 201 129.597 ms - body={"companyname":"Acme Technologies Pvt Ltd","logo":{"url":"https://cdn.example.com/logos/acme.png","uploadedAt":"2026-01-16T10:00:00.000Z"},"contact":{"registeredEmail":"admin@acmetech.com","registeredPhone":"9876543210"},"address":{"line1":"No 42, Tech Park Road","city":"Bengaluru","state":"Karnataka","pincode":"560102"},"subscription":{"plan":"ENTERPRISE","startDate":"2026-01-01T00:00:00.000Z","endDate":"2027-01-01T00:00:00.000Z","limits":{"users":500,"vendors":50,"tripsPerMonth":20000},"isActive":true},"billing":{"gstNumber":"29ABCDE1234F1Z5","billingEmail":"billing@acmetech.com","paymentProvider":"RAZORPAY","lastInvoiceId":"INV-2026-0001","lastPaymentDate":"2026-01-10T00:00:00.000Z"},"usage":{"totalEmployees":120,"totalTrips":8450,"activeVendors":6},"security":{"twoFactorEnabled":true,"ipWhitelist":["203.0.113.10","203.0.113.11"],"dataRetentionDays":730}} 
2026-01-17 06:01:13 [INFO]: Create Corporate request received {"requestedBy":"6968ff156a7f8fc7d7ba82e7","ip":"::1"}
2026-01-17 06:01:13 [DEBUG]: Checking for existing corporate {"name":"Acme Technologies Pvt Ltd"}
2026-01-17 06:01:13 [DEBUG]: Corporate code generated {"corporateCode":"CORP-ACMETE-39CC65"}
2026-01-17 06:01:14 [ERROR]: ReferenceError: corporate is not defined
    at F:\development\Backend\controllers\corporate.controller.js:108:18
    at process.processTicksAndRejections (node:internal/process/task_queues:103:5) {"path":"/api/super-admin/coporate/create/corporateID","method":"POST","user":"6968ff156a7f8fc7d7ba82e7"}
2026-01-17 06:01:14 [INFO]: POST /api/super-admin/coporate/create/corporateID 500 352.316 ms - body={"companyname":"Acme Technologies Pvt Ltd","logo":{"url":"https://cdn.example.com/logos/acme.png","uploadedAt":"2026-01-16T10:00:00.000Z"},"contact":{"registeredEmail":"admin@acmetech.com","registeredPhone":"9876543210"},"address":{"line1":"No 42, Tech Park Road","city":"Bengaluru","state":"Karnataka","pincode":"560102"},"subscription":{"plan":"ENTERPRISE","startDate":"2026-01-01T00:00:00.000Z","endDate":"2027-01-01T00:00:00.000Z","limits":{"users":500,"vendors":50,"tripsPerMonth":20000},"isActive":true},"billing":{"gstNumber":"29ABCDE1234F1Z5","billingEmail":"billing@acmetech.com","paymentProvider":"RAZORPAY","lastInvoiceId":"INV-2026-0001","lastPaymentDate":"2026-01-10T00:00:00.000Z"},"usage":{"totalEmployees":120,"totalTrips":8450,"activeVendors":6},"security":{"twoFactorEnabled":true,"ipWhitelist":["203.0.113.10","203.0.113.11"],"dataRetentionDays":730}} 
2026-01-17 06:01:55 [INFO]: Create Corporate request received {"requestedBy":"6968ff156a7f8fc7d7ba82e7","ip":"::1"}
2026-01-17 06:01:55 [DEBUG]: Checking for existing corporate {"name":"Acme Technologies Pvt Ltd"}
2026-01-17 06:01:55 [DEBUG]: Corporate code generated {"corporateCode":"CORP-ACMETE-7A2075"}
2026-01-17 06:01:56 [INFO]: Corporate created successfully {"corporateId":"696b25d43547771f8810b2f1","corporateCode":"CORP-ACMETE-7A2075","createdBy":"6968ff156a7f8fc7d7ba82e7"}
2026-01-17 06:01:56 [INFO]: POST /api/super-admin/coporate/create/corporateID 201 187.734 ms - body={"companyname":"Acme Technologies Pvt Ltd","logo":{"url":"https://cdn.example.com/logos/acme.png","uploadedAt":"2026-01-16T10:00:00.000Z"},"contact":{"registeredEmail":"admin@acmetech.com","registeredPhone":"9876543210"},"address":{"line1":"No 42, Tech Park Road","city":"Bengaluru","state":"Karnataka","pincode":"560102"},"subscription":{"plan":"ENTERPRISE","startDate":"2026-01-01T00:00:00.000Z","endDate":"2027-01-01T00:00:00.000Z","limits":{"users":500,"vendors":50,"tripsPerMonth":20000},"isActive":true},"billing":{"gstNumber":"29ABCDE1234F1Z5","billingEmail":"billing@acmetech.com","paymentProvider":"RAZORPAY","lastInvoiceId":"INV-2026-0001","lastPaymentDate":"2026-01-10T00:00:00.000Z"},"usage":{"totalEmployees":120,"totalTrips":8450,"activeVendors":6},"security":{"twoFactorEnabled":true,"ipWhitelist":["203.0.113.10","203.0.113.11"],"dataRetentionDays":730}} 
2026-01-17 06:09:10 [INFO]: Create Corporate request received {"requestedBy":"6968ff156a7f8fc7d7ba82e7","ip":"::1"}
2026-01-17 06:09:10 [DEBUG]: Checking for existing corporate {"name":"Acme Technologies Pvt Ltd"}
2026-01-17 06:09:10 [DEBUG]: Corporate code generated {"corporateCode":"CORP-ACMETE-B8D0E0"}
2026-01-17 06:09:10 [INFO]: Corporate created successfully {"corporateId":"696b27860372e799fce8dd99","corporateCode":"CORP-ACMETE-B8D0E0","createdBy":"6968ff156a7f8fc7d7ba82e7"}
2026-01-17 06:09:10 [INFO]: POST /api/super-admin/coporate/create/corporateID 201 241.434 ms - body={"companyname":"Acme Technologies Pvt Ltd","logo":{"url":"https://cdn.example.com/logos/acme.png","uploadedAt":"2026-01-16T10:00:00.000Z"},"contact":{"registeredEmail":"admin@acmetech.com","registeredPhone":"9876543210"},"address":{"line1":"No 42, Tech Park Road","city":"Bengaluru","state":"Karnataka","pincode":"560102"},"subscription":{"plan":"ENTERPRISE","startDate":"2026-01-01T00:00:00.000Z","endDate":"2027-01-01T00:00:00.000Z","limits":{"users":500,"vendors":50,"tripsPerMonth":20000},"isActive":true},"billing":{"gstNumber":"29ABCDE1234F1Z5","billingEmail":"billing@acmetech.com","paymentProvider":"RAZORPAY","lastInvoiceId":"INV-2026-0001","lastPaymentDate":"2026-01-10T00:00:00.000Z"},"usage":{"totalEmployees":120,"totalTrips":8450,"activeVendors":6},"security":{"twoFactorEnabled":true,"ipWhitelist":["203.0.113.10","203.0.113.11"],"dataRetentionDays":730}} 
2026-01-18 05:50:46 [ERROR]: ReferenceError: corporateId is not defined
    at F:\development\Backend\controllers\corporate.controller.js:164:46
    at F:\development\Backend\utils\asyncHandler.js:3:21
    at Layer.handleRequest (F:\development\Backend\node_modules\router\lib\layer.js:152:17)
    at next (F:\development\Backend\node_modules\router\lib\route.js:157:13)
    at F:\development\Backend\middlewares\auth.js:78:3
    at process.processTicksAndRejections (node:internal/process/task_queues:103:5) {"path":"/api/super-admin/coporate/create/corporateLoginID","method":"POST","user":"6968ff156a7f8fc7d7ba82e7"}
2026-01-18 05:50:46 [INFO]: POST /api/super-admin/coporate/create/corporateLoginID 500 136.878 ms - body={"corporateCode":"CORP-ACMETE-B8D0E0","name":"Ram Kumar S","role":"CORPORATE_ADMIN"} 
2026-01-18 05:52:01 [ERROR]: Error: Not authenticated. Login required.
    at F:\development\Backend\middlewares\auth.js:49:11
    at F:\development\Backend\utils\asyncHandler.js:3:21
    at Layer.handleRequest (F:\development\Backend\node_modules\router\lib\layer.js:152:17)
    at next (F:\development\Backend\node_modules\router\lib\route.js:157:13)
    at Route.dispatch (F:\development\Backend\node_modules\router\lib\route.js:117:3)
    at handle (F:\development\Backend\node_modules\router\index.js:435:11)
    at Layer.handleRequest (F:\development\Backend\node_modules\router\lib\layer.js:152:17)
    at F:\development\Backend\node_modules\router\index.js:295:15
    at processParams (F:\development\Backend\node_modules\router\index.js:582:12)
    at next (F:\development\Backend\node_modules\router\index.js:291:5) {"path":"/api/super-admin/coporate/create/corporateLoginID","method":"POST","user":null}
2026-01-18 05:52:01 [INFO]: POST /api/super-admin/coporate/create/corporateLoginID 401 32.859 ms - body={"corporateCode":"CORP-ACMETE-B8D0E0","name":"Ram Kumar S","role":"CORPORATE_ADMIN"} 
2026-01-18 05:52:19 [INFO]: Login attempt {"email":"superadmin@company.com","ip":"::1"}
2026-01-18 05:52:20 [INFO]: Password verified {"adminId":"6968ff156a7f8fc7d7ba82e7"}
2026-01-18 05:52:20 [DEBUG]: Login cookie issued {"adminId":"6968ff156a7f8fc7d7ba82e7"}
2026-01-18 05:52:20 [INFO]: SuperAdmin login successful {"adminId":"6968ff156a7f8fc7d7ba82e7"}
2026-01-18 05:52:20 [INFO]: POST /api/super-admin/login/superadmin 200 898.548 ms - body={"email":"superadmin@company.com","password":"Secure@123"} 
2026-01-18 05:52:27 [ERROR]: CastError: Cast to ObjectId failed for value "CORP-ACMETE-B8D0E0" (type string) at path "_id" for model "CorporateID"
    at SchemaObjectId.cast (F:\development\Backend\node_modules\mongoose\lib\schema\objectId.js:253:11)
    at SchemaType.applySetters (F:\development\Backend\node_modules\mongoose\lib\schemaType.js:1280:12)
    at SchemaType.castForQuery (F:\development\Backend\node_modules\mongoose\lib\schemaType.js:1706:17)
    at cast (F:\development\Backend\node_modules\mongoose\lib\cast.js:386:32)
    at Query.cast (F:\development\Backend\node_modules\mongoose\lib\query.js:5019:12)
    at Query._castConditions (F:\development\Backend\node_modules\mongoose\lib\query.js:2374:10)
    at model.Query._findOne (F:\development\Backend\node_modules\mongoose\lib\query.js:2704:8)
    at model.Query.exec (F:\development\Backend\node_modules\mongoose\lib\query.js:4631:80)
    at process.processTicksAndRejections (node:internal/process/task_queues:103:5)
    at async F:\development\Backend\controllers\corporate.controller.js:164:21 {"path":"/api/super-admin/coporate/create/corporateLoginID","method":"POST","user":"6968ff156a7f8fc7d7ba82e7"}
2026-01-18 05:52:27 [INFO]: POST /api/super-admin/coporate/create/corporateLoginID 500 30.540 ms - body={"corporateCode":"CORP-ACMETE-B8D0E0","name":"Ram Kumar S","role":"CORPORATE_ADMIN"} 
2026-01-18 05:54:53 [ERROR]: CastError: Cast to ObjectId failed for value "CORP-ACMETE-B8D0E0" (type string) at path "_id" for model "CorporateID"
    at SchemaObjectId.cast (F:\development\Backend\node_modules\mongoose\lib\schema\objectId.js:253:11)
    at SchemaType.applySetters (F:\development\Backend\node_modules\mongoose\lib\schemaType.js:1280:12)
    at SchemaType.castForQuery (F:\development\Backend\node_modules\mongoose\lib\schemaType.js:1706:17)
    at cast (F:\development\Backend\node_modules\mongoose\lib\cast.js:386:32)
    at Query.cast (F:\development\Backend\node_modules\mongoose\lib\query.js:5019:12)
    at Query._castConditions (F:\development\Backend\node_modules\mongoose\lib\query.js:2374:10)
    at model.Query._findOne (F:\development\Backend\node_modules\mongoose\lib\query.js:2704:8)
    at model.Query.exec (F:\development\Backend\node_modules\mongoose\lib\query.js:4631:80)
    at process.processTicksAndRejections (node:internal/process/task_queues:103:5)
    at async F:\development\Backend\controllers\corporate.controller.js:164:21 {"path":"/api/super-admin/coporate/create/corporateLoginID","method":"POST","user":"6968ff156a7f8fc7d7ba82e7"}
2026-01-18 05:54:53 [INFO]: POST /api/super-admin/coporate/create/corporateLoginID 500 125.763 ms - body={"corporateCode":"CORP-ACMETE-B8D0E0","name":"Ram Kumar S","role":"CORPORATE_ADMIN"} 
2026-01-18 05:56:21 [ERROR]: ObjectParameterError: Parameter "filter" to findOne() must be an object, got "CORP-ACMETE-B8D0E0" (type string)
    at Query.findOne (F:\development\Backend\node_modules\mongoose\lib\query.js:2782:16)
    at model.findOne (F:\development\Backend\node_modules\mongoose\lib\model.js:2105:13)
    at F:\development\Backend\controllers\corporate.controller.js:164:37
    at F:\development\Backend\utils\asyncHandler.js:3:21
    at Layer.handleRequest (F:\development\Backend\node_modules\router\lib\layer.js:152:17)
    at next (F:\development\Backend\node_modules\router\lib\route.js:157:13)
    at F:\development\Backend\middlewares\auth.js:78:3
    at process.processTicksAndRejections (node:internal/process/task_queues:103:5) {"path":"/api/super-admin/coporate/create/corporateLoginID","method":"POST","user":"6968ff156a7f8fc7d7ba82e7"}
2026-01-18 05:56:21 [INFO]: POST /api/super-admin/coporate/create/corporateLoginID 500 405.947 ms - body={"corporateCode":"CORP-ACMETE-B8D0E0","name":"Ram Kumar S","role":"CORPORATE_ADMIN"} 
2026-01-18 05:57:26 [ERROR]: ObjectParameterError: Parameter "filter" to find() must be an object, got "CORP-ACMETE-B8D0E0" (type string)
    at Query.find (F:\development\Backend\node_modules\mongoose\lib\query.js:2491:16)
    at model.find (F:\development\Backend\node_modules\mongoose\lib\model.js:2027:13)
    at F:\development\Backend\controllers\corporate.controller.js:164:37
    at F:\development\Backend\utils\asyncHandler.js:3:21
    at Layer.handleRequest (F:\development\Backend\node_modules\router\lib\layer.js:152:17)
    at next (F:\development\Backend\node_modules\router\lib\route.js:157:13)
    at F:\development\Backend\middlewares\auth.js:78:3
    at process.processTicksAndRejections (node:internal/process/task_queues:103:5) {"path":"/api/super-admin/coporate/create/corporateLoginID","method":"POST","user":"6968ff156a7f8fc7d7ba82e7"}
2026-01-18 05:57:27 [INFO]: POST /api/super-admin/coporate/create/corporateLoginID 500 125.771 ms - body={"corporateCode":"CORP-ACMETE-B8D0E0","name":"Ram Kumar S","role":"CORPORATE_ADMIN"} 
2026-01-18 05:58:34 [ERROR]: Error: Missing required fields
    at F:\development\Backend\controllers\corporate.controller.js:156:11
    at F:\development\Backend\utils\asyncHandler.js:3:21
    at Layer.handleRequest (F:\development\Backend\node_modules\router\lib\layer.js:152:17)
    at next (F:\development\Backend\node_modules\router\lib\route.js:157:13)
    at F:\development\Backend\middlewares\auth.js:78:3
    at process.processTicksAndRejections (node:internal/process/task_queues:103:5) {"path":"/api/super-admin/coporate/create/corporateLoginID","method":"POST","user":"6968ff156a7f8fc7d7ba82e7"}
2026-01-18 05:58:34 [INFO]: POST /api/super-admin/coporate/create/corporateLoginID 400 143.160 ms - body={"corporateCode":"CORP-ACMETE-B8D0E0","name":"Ram Kumar S","role":"CORPORATE_ADMIN"} 
2026-01-18 05:59:26 [ERROR]: CastError: Cast to ObjectId failed for value "CORP-ACMETE-B8D0E0" (type string) at path "_id" for model "CorporateID"
    at SchemaObjectId.cast (F:\development\Backend\node_modules\mongoose\lib\schema\objectId.js:253:11)
    at SchemaType.applySetters (F:\development\Backend\node_modules\mongoose\lib\schemaType.js:1280:12)
    at SchemaType.castForQuery (F:\development\Backend\node_modules\mongoose\lib\schemaType.js:1706:17)
    at cast (F:\development\Backend\node_modules\mongoose\lib\cast.js:386:32)
    at Query.cast (F:\development\Backend\node_modules\mongoose\lib\query.js:5019:12)
    at Query._castConditions (F:\development\Backend\node_modules\mongoose\lib\query.js:2374:10)
    at model.Query._findOne (F:\development\Backend\node_modules\mongoose\lib\query.js:2704:8)
    at model.Query.exec (F:\development\Backend\node_modules\mongoose\lib\query.js:4631:80)
    at process.processTicksAndRejections (node:internal/process/task_queues:103:5)
    at async F:\development\Backend\controllers\corporate.controller.js:164:21 {"path":"/api/super-admin/coporate/create/corporateLoginID","method":"POST","user":"6968ff156a7f8fc7d7ba82e7"}
2026-01-18 05:59:26 [INFO]: POST /api/super-admin/coporate/create/corporateLoginID 500 21.168 ms - body={"corporateId":"CORP-ACMETE-B8D0E0","name":"Ram Kumar S","role":"CORPORATE_ADMIN"} 
2026-01-18 05:59:54 [ERROR]: TypeError: next is not a function
    at model.Query.<anonymous> (F:\development\Backend\models\corporate.UserModel.js:124:3)
    at Kareem.execPre (F:\development\Backend\node_modules\kareem\index.js:63:39)
    at _executePreHooks (F:\development\Backend\node_modules\mongoose\lib\query.js:4681:33)
    at model.Query.exec (F:\development\Backend\node_modules\mongoose\lib\query.js:4630:11)
    at process.processTicksAndRejections (node:internal/process/task_queues:103:5)
    at async F:\development\Backend\controllers\corporate.controller.js:183:18 {"path":"/api/super-admin/coporate/create/corporateLoginID","method":"POST","user":"6968ff156a7f8fc7d7ba82e7"}
2026-01-18 05:59:54 [INFO]: POST /api/super-admin/coporate/create/corporateLoginID 500 86.801 ms - body={"corporateId":"696b27860372e799fce8dd99","name":"Ram Kumar S","role":"CORPORATE_ADMIN"} 
2026-01-18 06:00:40 [ERROR]: TypeError: next is not a function
    at model.<anonymous> (F:\development\Backend\models\corporate.UserModel.js:93:3)
    at async Kareem.execPre (F:\development\Backend\node_modules\kareem\index.js:65:24)
    at async model.$__save (F:\development\Backend\node_modules\mongoose\lib\model.js:369:5)
    at async model.save (F:\development\Backend\node_modules\mongoose\lib\model.js:609:5)
    at async F:\development\Backend\node_modules\mongoose\lib\model.js:2714:9
    at async Promise.all (index 0)
    at async model.create (F:\development\Backend\node_modules\mongoose\lib\model.js:2699:11)
    at async F:\development\Backend\controllers\corporate.controller.js:192:16 {"path":"/api/super-admin/coporate/create/corporateLoginID","method":"POST","user":"6968ff156a7f8fc7d7ba82e7"}
2026-01-18 06:00:40 [INFO]: POST /api/super-admin/coporate/create/corporateLoginID 500 3330.020 ms - body={"corporateId":"696b27860372e799fce8dd99","name":"Ram Kumar S","role":"CORPORATE_ADMIN"} 
